{
  "uid" : "a2a6f56af4c2e72d",
  "name" : "POST Create user without name",
  "fullName" : "tests.create_users_test.TestCreateUser#test_post_create_user_without_name",
  "historyId" : "668e08d6c58cb888b1db78e02fffb0c7",
  "time" : {
    "start" : 1708412186003,
    "stop" : 1708412186247,
    "duration" : 244
  },
  "status" : "skipped",
  "statusMessage" : "XFAIL Bag\n\nAssertionError: Unexpected status code. Expected not 201. Actual: 201",
  "statusTrace" : "self = <tests.create_users_test.TestCreateUser object at 0x7f66bf7d5a90>\n\n    @pytest.mark.xfail(reason='Bag')\n    @allure.title('POST Create user without name')\n    def test_post_create_user_without_name(self):\n        response = BaseRequests.post(url='api/users', headers=self.data.JOB_USER)\n>       Assertions.assert_is_not_code_status(response, self.status.STATUS_CODE_201)\n\ntests/create_users_test.py:63: \n_ _ _ _ _ _ _ _ _ _ _ _ _ _ _ _ _ _ _ _ _ _ _ _ _ _ _ _ _ _ _ _ _ _ _ _ _ _ _ _ \n\nresponse = <Response [201]>, expected_status_code = 201\n\n    @staticmethod\n    def assert_is_not_code_status(response: Response, expected_status_code):\n        \"\"\"Check status code is wrong\"\"\"\n        actual_status_code = response.status_code\n        with allure.step(f'Expected status is not equal {expected_status_code}'):\n>           assert actual_status_code != expected_status_code, \\\n                f'Unexpected status code. Expected not {expected_status_code}. Actual: {actual_status_code}'\nE           AssertionError: Unexpected status code. Expected not 201. Actual: 201\n\nbase/assertions.py:27: AssertionError",
  "flaky" : false,
  "newFailed" : false,
  "beforeStages" : [ {
    "name" : "_session_faker",
    "time" : {
      "start" : 1708412183451,
      "stop" : 1708412183467,
      "duration" : 16
    },
    "status" : "passed",
    "steps" : [ ],
    "attachments" : [ ],
    "parameters" : [ ],
    "stepsCount" : 0,
    "attachmentsCount" : 0,
    "shouldDisplayMessage" : false,
    "hasContent" : false
  } ],
  "testStage" : {
    "status" : "skipped",
    "statusMessage" : "XFAIL Bag\n\nAssertionError: Unexpected status code. Expected not 201. Actual: 201",
    "statusTrace" : "self = <tests.create_users_test.TestCreateUser object at 0x7f66bf7d5a90>\n\n    @pytest.mark.xfail(reason='Bag')\n    @allure.title('POST Create user without name')\n    def test_post_create_user_without_name(self):\n        response = BaseRequests.post(url='api/users', headers=self.data.JOB_USER)\n>       Assertions.assert_is_not_code_status(response, self.status.STATUS_CODE_201)\n\ntests/create_users_test.py:63: \n_ _ _ _ _ _ _ _ _ _ _ _ _ _ _ _ _ _ _ _ _ _ _ _ _ _ _ _ _ _ _ _ _ _ _ _ _ _ _ _ \n\nresponse = <Response [201]>, expected_status_code = 201\n\n    @staticmethod\n    def assert_is_not_code_status(response: Response, expected_status_code):\n        \"\"\"Check status code is wrong\"\"\"\n        actual_status_code = response.status_code\n        with allure.step(f'Expected status is not equal {expected_status_code}'):\n>           assert actual_status_code != expected_status_code, \\\n                f'Unexpected status code. Expected not {expected_status_code}. Actual: {actual_status_code}'\nE           AssertionError: Unexpected status code. Expected not 201. Actual: 201\n\nbase/assertions.py:27: AssertionError",
    "steps" : [ {
      "name" : "Expected status is not equal 201",
      "time" : {
        "start" : 1708412186247,
        "stop" : 1708412186247,
        "duration" : 0
      },
      "status" : "failed",
      "statusMessage" : "AssertionError: Unexpected status code. Expected not 201. Actual: 201\n",
      "statusTrace" : "  File \"/home/runner/work/reqres/reqres/base/assertions.py\", line 27, in assert_is_not_code_status\n    assert actual_status_code != expected_status_code, \\\n           ^^^^^^^^^^^^^^^^^^^^^^^^^^^^^^^^^^^^^^^^^^\n",
      "steps" : [ ],
      "attachments" : [ ],
      "parameters" : [ ],
      "stepsCount" : 0,
      "attachmentsCount" : 0,
      "shouldDisplayMessage" : true,
      "hasContent" : true
    } ],
    "attachments" : [ ],
    "parameters" : [ ],
    "stepsCount" : 1,
    "attachmentsCount" : 0,
    "shouldDisplayMessage" : true,
    "hasContent" : true
  },
  "afterStages" : [ ],
  "labels" : [ {
    "name" : "epic",
    "value" : "Create User"
  }, {
    "name" : "tag",
    "value" : "@pytest.mark.xfail(reason='Bag')"
  }, {
    "name" : "parentSuite",
    "value" : "tests"
  }, {
    "name" : "suite",
    "value" : "create_users_test"
  }, {
    "name" : "subSuite",
    "value" : "TestCreateUser"
  }, {
    "name" : "host",
    "value" : "fv-az1116-403"
  }, {
    "name" : "thread",
    "value" : "2211-MainThread"
  }, {
    "name" : "framework",
    "value" : "pytest"
  }, {
    "name" : "language",
    "value" : "cpython3"
  }, {
    "name" : "package",
    "value" : "tests.create_users_test"
  }, {
    "name" : "resultFormat",
    "value" : "allure2"
  } ],
  "parameters" : [ ],
  "links" : [ ],
  "hidden" : false,
  "retry" : false,
  "extra" : {
    "severity" : "normal",
    "retries" : [ ],
    "categories" : [ ],
    "history" : {
      "statistic" : {
        "failed" : 0,
        "broken" : 0,
        "skipped" : 3,
        "passed" : 0,
        "unknown" : 0,
        "total" : 3
      },
      "items" : [ {
        "uid" : "d0bd8c6a0df70ff7",
        "reportUrl" : "https://Nat754.github.io/reqres/5//#testresult/d0bd8c6a0df70ff7",
        "status" : "skipped",
        "statusDetails" : "XFAIL Bag\n\nAssertionError: Unexpected status code. Expected not 201. Actual: 201",
        "time" : {
          "start" : 1708388623256,
          "stop" : 1708388623497,
          "duration" : 241
        }
      }, {
        "uid" : "5287ef790a4983b4",
        "reportUrl" : "https://Nat754.github.io/reqres/4//#testresult/5287ef790a4983b4",
        "status" : "skipped",
        "statusDetails" : "XFAIL Bag\n\nAssertionError: Unexpected status code. Expected not 201. Actual: 201",
        "time" : {
          "start" : 1708385918566,
          "stop" : 1708385918924,
          "duration" : 358
        }
      } ]
    },
    "tags" : [ "@pytest.mark.xfail(reason='Bag')" ]
  },
  "source" : "a2a6f56af4c2e72d.json",
  "parameterValues" : [ ]
}