{
  "uid" : "14670f32064077a6",
  "name" : "2.5 POST Create user with None job",
  "fullName" : "tests.create_users_test.TestCreateUser#test_post_create_user_with_none_job",
  "historyId" : "b59b5f6537929102c775456352b6af6e",
  "time" : {
    "start" : 1708420918311,
    "stop" : 1708420918560,
    "duration" : 249
  },
  "status" : "skipped",
  "statusMessage" : "XFAIL Bag\n\nAssertionError: Unexpected status code. Expected not 201. Actual: 201",
  "statusTrace" : "self = <tests.create_users_test.TestCreateUser object at 0x7f7377e58710>\n\n    @pytest.mark.negative\n    @pytest.mark.xfail(reason='Bag')\n    @allure.title('2.5 POST Create user with None job')\n    def test_post_create_user_with_none_job(self):\n        response = BaseRequests.post(url='api/users', headers=self.data.CREATE_USER_JOB_NONE)\n>       Assertions.assert_is_not_code_status(response, self.status.STATUS_CODE_201)\n\ntests/create_users_test.py:84: \n_ _ _ _ _ _ _ _ _ _ _ _ _ _ _ _ _ _ _ _ _ _ _ _ _ _ _ _ _ _ _ _ _ _ _ _ _ _ _ _ \n\nresponse = <Response [201]>, expected_status_code = 201\n\n    @staticmethod\n    def assert_is_not_code_status(response: Response, expected_status_code):\n        \"\"\"Check status code is wrong\"\"\"\n        actual_status_code = response.status_code\n        with allure.step(f'Expected status is not equal {expected_status_code}'):\n>           assert actual_status_code != expected_status_code, \\\n                f'Unexpected status code. Expected not {expected_status_code}. Actual: {actual_status_code}'\nE           AssertionError: Unexpected status code. Expected not 201. Actual: 201\n\nbase/assertions.py:27: AssertionError",
  "flaky" : false,
  "newFailed" : false,
  "beforeStages" : [ {
    "name" : "_session_faker",
    "time" : {
      "start" : 1708420915668,
      "stop" : 1708420915683,
      "duration" : 15
    },
    "status" : "passed",
    "steps" : [ ],
    "attachments" : [ ],
    "parameters" : [ ],
    "stepsCount" : 0,
    "attachmentsCount" : 0,
    "shouldDisplayMessage" : false,
    "hasContent" : false
  } ],
  "testStage" : {
    "status" : "skipped",
    "statusMessage" : "XFAIL Bag\n\nAssertionError: Unexpected status code. Expected not 201. Actual: 201",
    "statusTrace" : "self = <tests.create_users_test.TestCreateUser object at 0x7f7377e58710>\n\n    @pytest.mark.negative\n    @pytest.mark.xfail(reason='Bag')\n    @allure.title('2.5 POST Create user with None job')\n    def test_post_create_user_with_none_job(self):\n        response = BaseRequests.post(url='api/users', headers=self.data.CREATE_USER_JOB_NONE)\n>       Assertions.assert_is_not_code_status(response, self.status.STATUS_CODE_201)\n\ntests/create_users_test.py:84: \n_ _ _ _ _ _ _ _ _ _ _ _ _ _ _ _ _ _ _ _ _ _ _ _ _ _ _ _ _ _ _ _ _ _ _ _ _ _ _ _ \n\nresponse = <Response [201]>, expected_status_code = 201\n\n    @staticmethod\n    def assert_is_not_code_status(response: Response, expected_status_code):\n        \"\"\"Check status code is wrong\"\"\"\n        actual_status_code = response.status_code\n        with allure.step(f'Expected status is not equal {expected_status_code}'):\n>           assert actual_status_code != expected_status_code, \\\n                f'Unexpected status code. Expected not {expected_status_code}. Actual: {actual_status_code}'\nE           AssertionError: Unexpected status code. Expected not 201. Actual: 201\n\nbase/assertions.py:27: AssertionError",
    "steps" : [ {
      "name" : "Expected status is not equal 201",
      "time" : {
        "start" : 1708420918560,
        "stop" : 1708420918560,
        "duration" : 0
      },
      "status" : "failed",
      "statusMessage" : "AssertionError: Unexpected status code. Expected not 201. Actual: 201\n",
      "statusTrace" : "  File \"/home/runner/work/reqres/reqres/base/assertions.py\", line 27, in assert_is_not_code_status\n    assert actual_status_code != expected_status_code, \\\n           ^^^^^^^^^^^^^^^^^^^^^^^^^^^^^^^^^^^^^^^^^^\n",
      "steps" : [ ],
      "attachments" : [ ],
      "parameters" : [ ],
      "stepsCount" : 0,
      "attachmentsCount" : 0,
      "shouldDisplayMessage" : true,
      "hasContent" : true
    } ],
    "attachments" : [ ],
    "parameters" : [ ],
    "stepsCount" : 1,
    "attachmentsCount" : 0,
    "shouldDisplayMessage" : true,
    "hasContent" : true
  },
  "afterStages" : [ ],
  "labels" : [ {
    "name" : "epic",
    "value" : "Create User"
  }, {
    "name" : "tag",
    "value" : "@pytest.mark.xfail(reason='Bag')"
  }, {
    "name" : "tag",
    "value" : "negative"
  }, {
    "name" : "parentSuite",
    "value" : "tests"
  }, {
    "name" : "suite",
    "value" : "create_users_test"
  }, {
    "name" : "subSuite",
    "value" : "TestCreateUser"
  }, {
    "name" : "host",
    "value" : "fv-az888-539"
  }, {
    "name" : "thread",
    "value" : "2240-MainThread"
  }, {
    "name" : "framework",
    "value" : "pytest"
  }, {
    "name" : "language",
    "value" : "cpython3"
  }, {
    "name" : "package",
    "value" : "tests.create_users_test"
  }, {
    "name" : "resultFormat",
    "value" : "allure2"
  } ],
  "parameters" : [ ],
  "links" : [ ],
  "hidden" : false,
  "retry" : false,
  "extra" : {
    "severity" : "normal",
    "retries" : [ ],
    "categories" : [ ],
    "history" : {
      "statistic" : {
        "failed" : 0,
        "broken" : 0,
        "skipped" : 7,
        "passed" : 0,
        "unknown" : 0,
        "total" : 7
      },
      "items" : [ {
        "uid" : "174e0c4eca5136f2",
        "reportUrl" : "https://Nat754.github.io/reqres/9//#testresult/174e0c4eca5136f2",
        "status" : "skipped",
        "statusDetails" : "XFAIL Bag\n\nAssertionError: Unexpected status code. Expected not 201. Actual: 201",
        "time" : {
          "start" : 1708420827633,
          "stop" : 1708420827919,
          "duration" : 286
        }
      }, {
        "uid" : "6d310e692113c054",
        "reportUrl" : "https://Nat754.github.io/reqres/8//#testresult/6d310e692113c054",
        "status" : "skipped",
        "statusDetails" : "XFAIL Bag\n\nAssertionError: Unexpected status code. Expected not 201. Actual: 201",
        "time" : {
          "start" : 1708420747504,
          "stop" : 1708420747756,
          "duration" : 252
        }
      }, {
        "uid" : "90dbba2b2603dda",
        "reportUrl" : "https://Nat754.github.io/reqres/7//#testresult/90dbba2b2603dda",
        "status" : "skipped",
        "statusDetails" : "XFAIL Bag\n\nAssertionError: Unexpected status code. Expected not 201. Actual: 201",
        "time" : {
          "start" : 1708418353763,
          "stop" : 1708418354131,
          "duration" : 368
        }
      }, {
        "uid" : "2d3700971f422653",
        "reportUrl" : "https://Nat754.github.io/reqres/6//#testresult/2d3700971f422653",
        "status" : "skipped",
        "statusDetails" : "XFAIL Bag\n\nAssertionError: Unexpected status code. Expected not 201. Actual: 201",
        "time" : {
          "start" : 1708412186252,
          "stop" : 1708412186494,
          "duration" : 242
        }
      }, {
        "uid" : "a2f3d93ad04e6130",
        "reportUrl" : "https://Nat754.github.io/reqres/5//#testresult/a2f3d93ad04e6130",
        "status" : "skipped",
        "statusDetails" : "XFAIL Bag\n\nAssertionError: Unexpected status code. Expected not 201. Actual: 201",
        "time" : {
          "start" : 1708388623501,
          "stop" : 1708388623743,
          "duration" : 242
        }
      }, {
        "uid" : "bc799bb4251512b0",
        "reportUrl" : "https://Nat754.github.io/reqres/4//#testresult/bc799bb4251512b0",
        "status" : "skipped",
        "statusDetails" : "XFAIL Bag\n\nAssertionError: Unexpected status code. Expected not 201. Actual: 201",
        "time" : {
          "start" : 1708385918928,
          "stop" : 1708385919287,
          "duration" : 359
        }
      } ]
    },
    "tags" : [ "negative", "@pytest.mark.xfail(reason='Bag')" ]
  },
  "source" : "14670f32064077a6.json",
  "parameterValues" : [ ]
}