{
  "uid" : "bd6e0832ebfb476c",
  "name" : "2.3 POST Create user without job",
  "fullName" : "tests.create_users_test.TestCreateUser#test_post_create_user_without_job",
  "historyId" : "fe9697924a5d3c1ee1752c7a5eb9d55c",
  "time" : {
    "start" : 1708427534094,
    "stop" : 1708427534336,
    "duration" : 242
  },
  "status" : "skipped",
  "statusMessage" : "XFAIL Bag\n\nAssertionError: Unexpected status code. Expected not 201. Actual: 201",
  "statusTrace" : "self = <tests.create_users_test.TestCreateUser object at 0x7f2ea4c81f10>\n\n    @pytest.mark.negative\n    @pytest.mark.xfail(reason='Bag')\n    @allure.title('2.3 POST Create user without job')\n    def test_post_create_user_without_job(self):\n        response = BaseRequests.post(url='api/users', data=self.data.NAME_USER)\n>       Assertions.assert_is_not_code_status(response, self.status.STATUS_CODE_201)\n\ntests/create_users_test.py:70: \n_ _ _ _ _ _ _ _ _ _ _ _ _ _ _ _ _ _ _ _ _ _ _ _ _ _ _ _ _ _ _ _ _ _ _ _ _ _ _ _ \n\nresponse = <Response [201]>, expected_status_code = 201\n\n    @staticmethod\n    def assert_is_not_code_status(response: Response, expected_status_code):\n        \"\"\"Check status code is wrong\"\"\"\n        actual_status_code = response.status_code\n        with allure.step(f'Expected status is not equal {expected_status_code}'):\n>           assert actual_status_code != expected_status_code, \\\n                f'Unexpected status code. Expected not {expected_status_code}. Actual: {actual_status_code}'\nE           AssertionError: Unexpected status code. Expected not 201. Actual: 201\n\nbase/assertions.py:27: AssertionError",
  "flaky" : false,
  "newFailed" : false,
  "beforeStages" : [ {
    "name" : "_session_faker",
    "time" : {
      "start" : 1708427531431,
      "stop" : 1708427531446,
      "duration" : 15
    },
    "status" : "passed",
    "steps" : [ ],
    "attachments" : [ ],
    "parameters" : [ ],
    "stepsCount" : 0,
    "attachmentsCount" : 0,
    "shouldDisplayMessage" : false,
    "hasContent" : false
  } ],
  "testStage" : {
    "status" : "skipped",
    "statusMessage" : "XFAIL Bag\n\nAssertionError: Unexpected status code. Expected not 201. Actual: 201",
    "statusTrace" : "self = <tests.create_users_test.TestCreateUser object at 0x7f2ea4c81f10>\n\n    @pytest.mark.negative\n    @pytest.mark.xfail(reason='Bag')\n    @allure.title('2.3 POST Create user without job')\n    def test_post_create_user_without_job(self):\n        response = BaseRequests.post(url='api/users', data=self.data.NAME_USER)\n>       Assertions.assert_is_not_code_status(response, self.status.STATUS_CODE_201)\n\ntests/create_users_test.py:70: \n_ _ _ _ _ _ _ _ _ _ _ _ _ _ _ _ _ _ _ _ _ _ _ _ _ _ _ _ _ _ _ _ _ _ _ _ _ _ _ _ \n\nresponse = <Response [201]>, expected_status_code = 201\n\n    @staticmethod\n    def assert_is_not_code_status(response: Response, expected_status_code):\n        \"\"\"Check status code is wrong\"\"\"\n        actual_status_code = response.status_code\n        with allure.step(f'Expected status is not equal {expected_status_code}'):\n>           assert actual_status_code != expected_status_code, \\\n                f'Unexpected status code. Expected not {expected_status_code}. Actual: {actual_status_code}'\nE           AssertionError: Unexpected status code. Expected not 201. Actual: 201\n\nbase/assertions.py:27: AssertionError",
    "steps" : [ {
      "name" : "Expected status is not equal 201",
      "time" : {
        "start" : 1708427534336,
        "stop" : 1708427534336,
        "duration" : 0
      },
      "status" : "failed",
      "statusMessage" : "AssertionError: Unexpected status code. Expected not 201. Actual: 201\n",
      "statusTrace" : "  File \"/home/runner/work/reqres/reqres/base/assertions.py\", line 27, in assert_is_not_code_status\n    assert actual_status_code != expected_status_code, \\\n           ^^^^^^^^^^^^^^^^^^^^^^^^^^^^^^^^^^^^^^^^^^\n",
      "steps" : [ ],
      "attachments" : [ ],
      "parameters" : [ ],
      "stepsCount" : 0,
      "attachmentsCount" : 0,
      "shouldDisplayMessage" : true,
      "hasContent" : true
    } ],
    "attachments" : [ ],
    "parameters" : [ ],
    "stepsCount" : 1,
    "attachmentsCount" : 0,
    "shouldDisplayMessage" : true,
    "hasContent" : true
  },
  "afterStages" : [ ],
  "labels" : [ {
    "name" : "epic",
    "value" : "Create User"
  }, {
    "name" : "tag",
    "value" : "@pytest.mark.xfail(reason='Bag')"
  }, {
    "name" : "tag",
    "value" : "negative"
  }, {
    "name" : "parentSuite",
    "value" : "tests"
  }, {
    "name" : "suite",
    "value" : "create_users_test"
  }, {
    "name" : "subSuite",
    "value" : "TestCreateUser"
  }, {
    "name" : "host",
    "value" : "fv-az775-764"
  }, {
    "name" : "thread",
    "value" : "2209-MainThread"
  }, {
    "name" : "framework",
    "value" : "pytest"
  }, {
    "name" : "language",
    "value" : "cpython3"
  }, {
    "name" : "package",
    "value" : "tests.create_users_test"
  }, {
    "name" : "resultFormat",
    "value" : "allure2"
  } ],
  "parameters" : [ ],
  "links" : [ ],
  "hidden" : false,
  "retry" : false,
  "extra" : {
    "severity" : "normal",
    "retries" : [ ],
    "categories" : [ ],
    "history" : {
      "statistic" : {
        "failed" : 0,
        "broken" : 0,
        "skipped" : 9,
        "passed" : 0,
        "unknown" : 0,
        "total" : 9
      },
      "items" : [ {
        "uid" : "f617904263070dec",
        "reportUrl" : "https://Nat754.github.io/reqres/11//#testresult/f617904263070dec",
        "status" : "skipped",
        "statusDetails" : "XFAIL Bag\n\nAssertionError: Unexpected status code. Expected not 201. Actual: 201",
        "time" : {
          "start" : 1708425060027,
          "stop" : 1708425060279,
          "duration" : 252
        }
      }, {
        "uid" : "e3ed15042d860f3c",
        "reportUrl" : "https://Nat754.github.io/reqres/10//#testresult/e3ed15042d860f3c",
        "status" : "skipped",
        "statusDetails" : "XFAIL Bag\n\nAssertionError: Unexpected status code. Expected not 201. Actual: 201",
        "time" : {
          "start" : 1708420917797,
          "stop" : 1708420918046,
          "duration" : 249
        }
      }, {
        "uid" : "8b941bcb4a4e36d0",
        "reportUrl" : "https://Nat754.github.io/reqres/9//#testresult/8b941bcb4a4e36d0",
        "status" : "skipped",
        "statusDetails" : "XFAIL Bag\n\nAssertionError: Unexpected status code. Expected not 201. Actual: 201",
        "time" : {
          "start" : 1708420827119,
          "stop" : 1708420827374,
          "duration" : 255
        }
      }, {
        "uid" : "dd46f6ac1b0e36ff",
        "reportUrl" : "https://Nat754.github.io/reqres/8//#testresult/dd46f6ac1b0e36ff",
        "status" : "skipped",
        "statusDetails" : "XFAIL Bag\n\nAssertionError: Unexpected status code. Expected not 201. Actual: 201",
        "time" : {
          "start" : 1708420747029,
          "stop" : 1708420747268,
          "duration" : 239
        }
      }, {
        "uid" : "39c509963d059829",
        "reportUrl" : "https://Nat754.github.io/reqres/7//#testresult/39c509963d059829",
        "status" : "skipped",
        "statusDetails" : "XFAIL Bag\n\nAssertionError: Unexpected status code. Expected not 201. Actual: 201",
        "time" : {
          "start" : 1708418353019,
          "stop" : 1708418353389,
          "duration" : 370
        }
      }, {
        "uid" : "cf0a2100f4b8310b",
        "reportUrl" : "https://Nat754.github.io/reqres/6//#testresult/cf0a2100f4b8310b",
        "status" : "skipped",
        "statusDetails" : "XFAIL Bag\n\nAssertionError: Unexpected status code. Expected not 201. Actual: 201",
        "time" : {
          "start" : 1708412185754,
          "stop" : 1708412185998,
          "duration" : 244
        }
      }, {
        "uid" : "2454ed069ea5c809",
        "reportUrl" : "https://Nat754.github.io/reqres/5//#testresult/2454ed069ea5c809",
        "status" : "skipped",
        "statusDetails" : "XFAIL Bag\n\nAssertionError: Unexpected status code. Expected not 201. Actual: 201",
        "time" : {
          "start" : 1708388623006,
          "stop" : 1708388623251,
          "duration" : 245
        }
      }, {
        "uid" : "58cb614b015e7653",
        "reportUrl" : "https://Nat754.github.io/reqres/4//#testresult/58cb614b015e7653",
        "status" : "skipped",
        "statusDetails" : "XFAIL Bag\n\nAssertionError: Unexpected status code. Expected not 201. Actual: 201",
        "time" : {
          "start" : 1708385918199,
          "stop" : 1708385918562,
          "duration" : 363
        }
      } ]
    },
    "tags" : [ "negative", "@pytest.mark.xfail(reason='Bag')" ]
  },
  "source" : "bd6e0832ebfb476c.json",
  "parameterValues" : [ ]
}